<?xml version="1.0" encoding="UTF-8"?>
<testsuite xmlns:xsi="http://www.w3.org/2001/XMLSchema-instance" xsi:noNamespaceSchemaLocation="https://maven.apache.org/surefire/maven-surefire-plugin/xsd/surefire-test-report-3.0.xsd" version="3.0" name="com.example.gateway.service.gateway.ApplicationTests" time="12.682" tests="1" errors="0" skipped="0" failures="0">
  <properties>
[...]
</properties>
  <testcase name="contextLoads" classname="com.example.gateway.service.gateway.ApplicationTests" time="2.108">
    <system-out><![CDATA[01:35:34.962 [main] INFO org.springframework.test.context.support.AnnotationConfigContextLoaderUtils -- Could not detect default configuration classes for test class [com.example.gateway.service.gateway.ApplicationTests]: ApplicationTests does not declare any static, non-private, non-final, nested classes annotated with @Configuration.
01:35:35.186 [main] INFO org.springframework.boot.test.context.SpringBootTestContextBootstrapper -- Found @SpringBootConfiguration com.example.gateway.service.gateway.Application for test class com.example.gateway.service.gateway.ApplicationTests

  .   ____          _            __ _ _
 /\\ / ___'_ __ _ _(_)_ __  __ _ \ \ \ \
( ( )\___ | '_ | '_| | '_ \/ _` | \ \ \ \
 \\/  ___)| |_)| | | | | || (_| |  ) ) ) )
  '  |____| .__|_| |_|_| |_\__, | / / / /
 =========|_|==============|___/=/_/_/_/
 :: Spring Boot ::                (v3.2.1)

2024-02-07T01:35:37.160+05:30  INFO 15472 --- [edge-service] [           main] c.e.g.service.gateway.ApplicationTests   : Starting ApplicationTests using Java 21.0.1 with PID 15472 (started by agarw in C:\Users\agarw\Desktop\poc\service.gateway)
2024-02-07T01:35:37.161+05:30  INFO 15472 --- [edge-service] [           main] c.e.g.service.gateway.ApplicationTests   : No active profile set, falling back to 1 default profile: "default"
2024-02-07T01:35:39.002+05:30  INFO 15472 --- [edge-service] [           main] o.s.cloud.context.scope.GenericScope     : BeanFactory id=311f1ef5-3fa6-3a0e-8b8f-506e84b3701b
2024-02-07T01:35:40.691+05:30  INFO 15472 --- [edge-service] [           main] o.s.cloud.commons.util.InetUtils         : Cannot determine local hostname
2024-02-07T01:35:41.715+05:30  INFO 15472 --- [edge-service] [           main] o.s.cloud.commons.util.InetUtils         : Cannot determine local hostname
2024-02-07T01:35:43.289+05:30  INFO 15472 --- [edge-service] [           main] o.s.c.g.r.RouteDefinitionRouteLocator    : Loaded RoutePredicateFactory [After]
2024-02-07T01:35:43.290+05:30  INFO 15472 --- [edge-service] [           main] o.s.c.g.r.RouteDefinitionRouteLocator    : Loaded RoutePredicateFactory [Before]
2024-02-07T01:35:43.290+05:30  INFO 15472 --- [edge-service] [           main] o.s.c.g.r.RouteDefinitionRouteLocator    : Loaded RoutePredicateFactory [Between]
2024-02-07T01:35:43.290+05:30  INFO 15472 --- [edge-service] [           main] o.s.c.g.r.RouteDefinitionRouteLocator    : Loaded RoutePredicateFactory [Cookie]
2024-02-07T01:35:43.290+05:30  INFO 15472 --- [edge-service] [           main] o.s.c.g.r.RouteDefinitionRouteLocator    : Loaded RoutePredicateFactory [Header]
2024-02-07T01:35:43.290+05:30  INFO 15472 --- [edge-service] [           main] o.s.c.g.r.RouteDefinitionRouteLocator    : Loaded RoutePredicateFactory [Host]
2024-02-07T01:35:43.290+05:30  INFO 15472 --- [edge-service] [           main] o.s.c.g.r.RouteDefinitionRouteLocator    : Loaded RoutePredicateFactory [Method]
2024-02-07T01:35:43.291+05:30  INFO 15472 --- [edge-service] [           main] o.s.c.g.r.RouteDefinitionRouteLocator    : Loaded RoutePredicateFactory [Path]
2024-02-07T01:35:43.291+05:30  INFO 15472 --- [edge-service] [           main] o.s.c.g.r.RouteDefinitionRouteLocator    : Loaded RoutePredicateFactory [Query]
2024-02-07T01:35:43.291+05:30  INFO 15472 --- [edge-service] [           main] o.s.c.g.r.RouteDefinitionRouteLocator    : Loaded RoutePredicateFactory [ReadBody]
2024-02-07T01:35:43.291+05:30  INFO 15472 --- [edge-service] [           main] o.s.c.g.r.RouteDefinitionRouteLocator    : Loaded RoutePredicateFactory [RemoteAddr]
2024-02-07T01:35:43.291+05:30  INFO 15472 --- [edge-service] [           main] o.s.c.g.r.RouteDefinitionRouteLocator    : Loaded RoutePredicateFactory [XForwardedRemoteAddr]
2024-02-07T01:35:43.291+05:30  INFO 15472 --- [edge-service] [           main] o.s.c.g.r.RouteDefinitionRouteLocator    : Loaded RoutePredicateFactory [Weight]
2024-02-07T01:35:43.292+05:30  INFO 15472 --- [edge-service] [           main] o.s.c.g.r.RouteDefinitionRouteLocator    : Loaded RoutePredicateFactory [CloudFoundryRouteService]
2024-02-07T01:35:44.058+05:30  INFO 15472 --- [edge-service] [           main] o.s.b.a.e.web.EndpointLinksResolver      : Exposing 1 endpoint(s) beneath base path '/actuator'
2024-02-07T01:35:45.121+05:30  INFO 15472 --- [edge-service] [           main] c.e.g.service.gateway.ApplicationTests   : Started ApplicationTests in 9.616 seconds (process running for 11.528)
]]></system-out>
    <system-err><![CDATA[WARNING: A Java agent has been loaded dynamically (C:\Users\agarw\.m2\repository\net\bytebuddy\byte-buddy-agent\1.14.10\byte-buddy-agent-1.14.10.jar)
WARNING: If a serviceability tool is in use, please run with -XX:+EnableDynamicAgentLoading to hide this warning
WARNING: If a serviceability tool is not in use, please run with -Djdk.instrument.traceUsage for more information
WARNING: Dynamic loading of agents will be disallowed by default in a future release
]]></system-err>
  </testcase>
</testsuite>